<?xml version="1.0" encoding="UTF-8"?>
<!-- Generated by org.testng.reporters.JUnitReportReporter -->
<testsuite hostname="DESKTOP-CLGAQMN" failures="0" tests="1" name="git.Gitfb" time="9.950" errors="0" timestamp="2024-02-26T16:05:07 IST" skipped="0">
  <testcase classname="git.Gitfb" name="f" time="9.950"/>
  <system-out/>
</testsuite> <!-- git.Gitfb -->
